<?xml version="1.0" encoding="UTF-8"?>
<coverage generated="1703760178633" clover="3.2.0">
  <project timestamp="1703760178633" name="All files">
    <metrics statements="160" coveredstatements="91" conditionals="57" coveredconditionals="39" methods="66" coveredmethods="29" elements="283" coveredelements="159" complexity="0" loc="160" ncloc="160" packages="10" files="13" classes="13"/>
    <package name="dist.src.config">
      <metrics statements="9" coveredstatements="6" conditionals="0" coveredconditionals="0" methods="3" coveredmethods="2"/>
      <file name="index.js" path="/Users/yudhisr/akbar/NODEJS-COLLECTIONS/FULLSTACK-DASHBOARD-REACT-NODEJS/server/dist/src/config/index.js">
        <metrics statements="9" coveredstatements="6" conditionals="0" coveredconditionals="0" methods="3" coveredmethods="2"/>
        <line num="2" count="1" type="stmt"/>
        <line num="3" count="1" type="stmt"/>
        <line num="4" count="1" type="stmt"/>
        <line num="5" count="1" type="stmt"/>
        <line num="7" count="1" type="stmt"/>
        <line num="9" count="1" type="stmt"/>
        <line num="12" count="0" type="stmt"/>
        <line num="13" count="0" type="stmt"/>
        <line num="14" count="0" type="stmt"/>
      </file>
    </package>
    <package name="dist.src.models">
      <metrics statements="7" coveredstatements="5" conditionals="0" coveredconditionals="0" methods="4" coveredmethods="2"/>
      <file name="User.js" path="/Users/yudhisr/akbar/NODEJS-COLLECTIONS/FULLSTACK-DASHBOARD-REACT-NODEJS/server/dist/src/models/User.js">
        <metrics statements="7" coveredstatements="5" conditionals="0" coveredconditionals="0" methods="4" coveredmethods="2"/>
        <line num="2" count="1" type="stmt"/>
        <line num="3" count="1" type="stmt"/>
        <line num="6" count="0" type="stmt"/>
        <line num="9" count="1" type="stmt"/>
        <line num="14" count="1" type="stmt"/>
        <line num="19" count="0" type="stmt"/>
        <line num="24" count="1" type="stmt"/>
      </file>
    </package>
    <package name="dist.src.repositories">
      <metrics statements="8" coveredstatements="7" conditionals="7" coveredconditionals="6" methods="4" coveredmethods="3"/>
      <file name="RepoUser.js" path="/Users/yudhisr/akbar/NODEJS-COLLECTIONS/FULLSTACK-DASHBOARD-REACT-NODEJS/server/dist/src/repositories/RepoUser.js">
        <metrics statements="8" coveredstatements="7" conditionals="7" coveredconditionals="6" methods="4" coveredmethods="3"/>
        <line num="2" count="1" type="cond" truecount="3" falsecount="0"/>
        <line num="3" count="1" type="cond" truecount="3" falsecount="1"/>
        <line num="5" count="1" type="stmt"/>
        <line num="6" count="1" type="stmt"/>
        <line num="9" count="1" type="stmt"/>
        <line num="12" count="1" type="stmt"/>
        <line num="15" count="0" type="stmt"/>
        <line num="18" count="1" type="stmt"/>
      </file>
    </package>
    <package name="dist.src.services">
      <metrics statements="46" coveredstatements="33" conditionals="46" coveredconditionals="33" methods="15" coveredmethods="8"/>
      <file name="ServiceAuth.js" path="/Users/yudhisr/akbar/NODEJS-COLLECTIONS/FULLSTACK-DASHBOARD-REACT-NODEJS/server/dist/src/services/ServiceAuth.js">
        <metrics statements="46" coveredstatements="33" conditionals="46" coveredconditionals="33" methods="15" coveredmethods="8"/>
        <line num="2" count="1" type="cond" truecount="4" falsecount="1"/>
        <line num="3" count="7" type="cond" truecount="1" falsecount="1"/>
        <line num="4" count="7" type="stmt"/>
        <line num="5" count="7" type="cond" truecount="5" falsecount="3"/>
        <line num="6" count="7" type="stmt"/>
        <line num="8" count="7" type="stmt"/>
        <line num="10" count="0" type="cond" truecount="0" falsecount="2"/>
        <line num="11" count="0" type="stmt"/>
        <line num="13" count="1" type="cond" truecount="4" falsecount="1"/>
        <line num="14" count="1" type="stmt"/>
        <line num="16" count="0" type="stmt"/>
        <line num="18" count="1" type="cond" truecount="3" falsecount="0"/>
        <line num="19" count="1" type="cond" truecount="3" falsecount="1"/>
        <line num="20" count="1" type="stmt"/>
        <line num="21" count="7" type="cond" truecount="4" falsecount="2"/>
        <line num="22" count="1" type="stmt"/>
        <line num="23" count="1" type="stmt"/>
        <line num="25" count="1" type="cond" truecount="3" falsecount="0"/>
        <line num="26" count="2" type="cond" truecount="4" falsecount="0"/>
        <line num="28" count="1" type="stmt"/>
        <line num="29" count="1" type="stmt"/>
        <line num="30" count="1" type="stmt"/>
        <line num="31" count="1" type="stmt"/>
        <line num="32" count="1" type="stmt"/>
        <line num="33" count="1" type="stmt"/>
        <line num="36" count="1" type="stmt"/>
        <line num="39" count="1" type="stmt"/>
        <line num="40" count="1" type="cond" truecount="1" falsecount="1"/>
        <line num="41" count="0" type="stmt"/>
        <line num="43" count="1" type="stmt"/>
        <line num="44" count="1" type="cond" truecount="1" falsecount="1"/>
        <line num="45" count="0" type="stmt"/>
        <line num="47" count="1" type="stmt"/>
        <line num="50" count="0" type="stmt"/>
        <line num="51" count="0" type="stmt"/>
        <line num="52" count="0" type="stmt"/>
        <line num="57" count="0" type="stmt"/>
        <line num="60" count="1" type="stmt"/>
        <line num="61" count="1" type="stmt"/>
        <line num="64" count="1" type="stmt"/>
        <line num="65" count="1" type="stmt"/>
        <line num="68" count="0" type="stmt"/>
        <line num="69" count="0" type="stmt"/>
        <line num="72" count="0" type="stmt"/>
        <line num="75" count="0" type="stmt"/>
        <line num="78" count="1" type="stmt"/>
      </file>
    </package>
    <package name="dist.src.utils">
      <metrics statements="5" coveredstatements="2" conditionals="0" coveredconditionals="0" methods="1" coveredmethods="0"/>
      <file name="ClientError.js" path="/Users/yudhisr/akbar/NODEJS-COLLECTIONS/FULLSTACK-DASHBOARD-REACT-NODEJS/server/dist/src/utils/ClientError.js">
        <metrics statements="5" coveredstatements="2" conditionals="0" coveredconditionals="0" methods="1" coveredmethods="0"/>
        <line num="2" count="1" type="stmt"/>
        <line num="5" count="0" type="stmt"/>
        <line num="6" count="0" type="stmt"/>
        <line num="7" count="0" type="stmt"/>
        <line num="10" count="1" type="stmt"/>
      </file>
    </package>
    <package name="src.config">
      <metrics statements="7" coveredstatements="4" conditionals="0" coveredconditionals="0" methods="3" coveredmethods="2"/>
      <file name="index.ts" path="/Users/yudhisr/akbar/NODEJS-COLLECTIONS/FULLSTACK-DASHBOARD-REACT-NODEJS/server/src/config/index.ts">
        <metrics statements="7" coveredstatements="4" conditionals="0" coveredconditionals="0" methods="3" coveredmethods="2"/>
        <line num="1" count="2" type="stmt"/>
        <line num="3" count="2" type="stmt"/>
        <line num="7" count="2" type="stmt"/>
        <line num="9" count="2" type="stmt"/>
        <line num="12" count="0" type="stmt"/>
        <line num="13" count="0" type="stmt"/>
        <line num="14" count="0" type="stmt"/>
      </file>
    </package>
    <package name="src.models">
      <metrics statements="22" coveredstatements="7" conditionals="2" coveredconditionals="0" methods="10" coveredmethods="3"/>
      <file name="Car.ts" path="/Users/yudhisr/akbar/NODEJS-COLLECTIONS/FULLSTACK-DASHBOARD-REACT-NODEJS/server/src/models/Car.ts">
        <metrics statements="16" coveredstatements="3" conditionals="2" coveredconditionals="0" methods="6" coveredmethods="1"/>
        <line num="1" count="1" type="stmt"/>
        <line num="6" count="1" type="stmt"/>
        <line num="10" count="0" type="stmt"/>
        <line num="16" count="0" type="stmt"/>
        <line num="22" count="0" type="stmt"/>
        <line num="32" count="0" type="stmt"/>
        <line num="35" count="0" type="cond" truecount="0" falsecount="1"/>
        <line num="36" count="0" type="stmt"/>
        <line num="38" count="0" type="stmt"/>
        <line num="46" count="0" type="stmt"/>
        <line num="50" count="0" type="stmt"/>
        <line num="54" count="0" type="cond" truecount="0" falsecount="1"/>
        <line num="55" count="0" type="stmt"/>
        <line num="58" count="0" type="stmt"/>
        <line num="62" count="0" type="stmt"/>
        <line num="66" count="1" type="stmt"/>
      </file>
      <file name="User.ts" path="/Users/yudhisr/akbar/NODEJS-COLLECTIONS/FULLSTACK-DASHBOARD-REACT-NODEJS/server/src/models/User.ts">
        <metrics statements="6" coveredstatements="4" conditionals="0" coveredconditionals="0" methods="4" coveredmethods="2"/>
        <line num="1" count="1" type="stmt"/>
        <line num="6" count="0" type="stmt"/>
        <line num="10" count="1" type="stmt"/>
        <line num="16" count="1" type="stmt"/>
        <line num="22" count="0" type="stmt"/>
        <line num="28" count="1" type="stmt"/>
      </file>
    </package>
    <package name="src.repositories">
      <metrics statements="13" coveredstatements="7" conditionals="0" coveredconditionals="0" methods="9" coveredmethods="3"/>
      <file name="RepoCar.ts" path="/Users/yudhisr/akbar/NODEJS-COLLECTIONS/FULLSTACK-DASHBOARD-REACT-NODEJS/server/src/repositories/RepoCar.ts">
        <metrics statements="8" coveredstatements="3" conditionals="0" coveredconditionals="0" methods="6" coveredmethods="1"/>
        <line num="1" count="1" type="stmt"/>
        <line num="6" count="1" type="stmt"/>
        <line num="10" count="0" type="stmt"/>
        <line num="14" count="0" type="stmt"/>
        <line num="18" count="0" type="stmt"/>
        <line num="26" count="0" type="stmt"/>
        <line num="30" count="0" type="stmt"/>
        <line num="34" count="1" type="stmt"/>
      </file>
      <file name="RepoUser.ts" path="/Users/yudhisr/akbar/NODEJS-COLLECTIONS/FULLSTACK-DASHBOARD-REACT-NODEJS/server/src/repositories/RepoUser.ts">
        <metrics statements="5" coveredstatements="4" conditionals="0" coveredconditionals="0" methods="3" coveredmethods="2"/>
        <line num="1" count="1" type="stmt"/>
        <line num="6" count="1" type="stmt"/>
        <line num="10" count="1" type="stmt"/>
        <line num="14" count="0" type="stmt"/>
        <line num="18" count="1" type="stmt"/>
      </file>
    </package>
    <package name="src.services">
      <metrics statements="39" coveredstatements="19" conditionals="2" coveredconditionals="0" methods="16" coveredmethods="6"/>
      <file name="ServiceAuth.ts" path="/Users/yudhisr/akbar/NODEJS-COLLECTIONS/FULLSTACK-DASHBOARD-REACT-NODEJS/server/src/services/ServiceAuth.ts">
        <metrics statements="25" coveredstatements="15" conditionals="2" coveredconditionals="0" methods="8" coveredmethods="4"/>
        <line num="7" count="1" type="stmt"/>
        <line num="8" count="1" type="stmt"/>
        <line num="10" count="1" type="stmt"/>
        <line num="12" count="1" type="stmt"/>
        <line num="18" count="1" type="stmt"/>
        <line num="22" count="1" type="stmt"/>
        <line num="23" count="1" type="cond" truecount="0" falsecount="1"/>
        <line num="24" count="0" type="stmt"/>
        <line num="26" count="1" type="stmt"/>
        <line num="31" count="1" type="cond" truecount="0" falsecount="1"/>
        <line num="32" count="0" type="stmt"/>
        <line num="35" count="1" type="stmt"/>
        <line num="39" count="0" type="stmt"/>
        <line num="40" count="0" type="stmt"/>
        <line num="41" count="0" type="stmt"/>
        <line num="47" count="0" type="stmt"/>
        <line num="51" count="1" type="stmt"/>
        <line num="52" count="1" type="stmt"/>
        <line num="56" count="1" type="stmt"/>
        <line num="57" count="1" type="stmt"/>
        <line num="61" count="0" type="stmt"/>
        <line num="62" count="0" type="stmt"/>
        <line num="66" count="0" type="stmt"/>
        <line num="70" count="0" type="stmt"/>
        <line num="74" count="1" type="stmt"/>
      </file>
      <file name="ServiceCar.ts" path="/Users/yudhisr/akbar/NODEJS-COLLECTIONS/FULLSTACK-DASHBOARD-REACT-NODEJS/server/src/services/ServiceCar.ts">
        <metrics statements="14" coveredstatements="4" conditionals="0" coveredconditionals="0" methods="8" coveredmethods="2"/>
        <line num="9" count="1" type="stmt"/>
        <line num="12" count="0" type="stmt"/>
        <line num="16" count="0" type="stmt"/>
        <line num="20" count="0" type="stmt"/>
        <line num="21" count="0" type="stmt"/>
        <line num="25" count="1" type="stmt"/>
        <line num="26" count="1" type="stmt"/>
        <line num="30" count="0" type="stmt"/>
        <line num="31" count="0" type="stmt"/>
        <line num="35" count="0" type="stmt"/>
        <line num="36" count="0" type="stmt"/>
        <line num="40" count="0" type="stmt"/>
        <line num="41" count="0" type="stmt"/>
        <line num="45" count="1" type="stmt"/>
      </file>
    </package>
    <package name="src.utils">
      <metrics statements="4" coveredstatements="1" conditionals="0" coveredconditionals="0" methods="1" coveredmethods="0"/>
      <file name="ClientError.ts" path="/Users/yudhisr/akbar/NODEJS-COLLECTIONS/FULLSTACK-DASHBOARD-REACT-NODEJS/server/src/utils/ClientError.ts">
        <metrics statements="4" coveredstatements="1" conditionals="0" coveredconditionals="0" methods="1" coveredmethods="0"/>
        <line num="4" count="0" type="stmt"/>
        <line num="5" count="0" type="stmt"/>
        <line num="6" count="0" type="stmt"/>
        <line num="10" count="1" type="stmt"/>
      </file>
    </package>
  </project>
</coverage>
